23:01:18 **** Rebuild of configuration Debug for project lab1 ****
Info: Internal Builder is used for build
arm-nilrt-linux-gnueabi-gcc -DMyRio_1900 "-IC:\\Users\\vagrant\\D1-workspace\\C Support for myRIO\\source" -O0 -g3 -Wall -c -fmessage-length=0 -o "C_Support\\NiFpga.o" "..\\..\\C Support for myRIO\\source\\NiFpga.c" 
arm-nilrt-linux-gnueabi-gcc -DMyRio_1900 "-IC:\\Users\\vagrant\\D1-workspace\\C Support for myRIO\\source" -O0 -g3 -Wall -c -fmessage-length=0 -o "C_Support\\IRQConfigure.o" "..\\..\\C Support for myRIO\\source\\IRQConfigure.c" 
arm-nilrt-linux-gnueabi-gcc -DMyRio_1900 "-IC:\\Users\\vagrant\\D1-workspace\\C Support for myRIO\\source" -O0 -g3 -Wall -c -fmessage-length=0 -o main.o "..\\main.c" 
arm-nilrt-linux-gnueabi-gcc -DMyRio_1900 "-IC:\\Users\\vagrant\\D1-workspace\\C Support for myRIO\\source" -O0 -g3 -Wall -c -fmessage-length=0 -o "C_Support\\MyRio.o" "..\\..\\C Support for myRIO\\source\\MyRio.c" 
arm-nilrt-linux-gnueabi-gcc "-LC:\\Users\\vagrant\\D1-workspace\\C Support for myRIO\\source" -lm -o lab1 main.o "C_Support\\NiFpga.o" "C_Support\\MyRio.o" "C_Support\\IRQConfigure.o" "..\\..\\D1_lib\\Debug\\libD1_lib_source.a" -ldl -lvisa -lpthread 
23:01:20 **** Rebuild of configuration Debug for project lab2 ****
Info: Internal Builder is used for build
arm-nilrt-linux-gnueabi-gcc -DMyRio_1900 "-IC:\\Users\\vagrant\\D1-workspace\\C Support for myRIO\\source" -O0 -g3 -Wall -c -fmessage-length=0 -o main.o "..\\main.c" 
arm-nilrt-linux-gnueabi-gcc -DMyRio_1900 "-IC:\\Users\\vagrant\\D1-workspace\\C Support for myRIO\\source" -O0 -g3 -Wall -c -fmessage-length=0 -o "C_Support\\NiFpga.o" "..\\..\\C Support for myRIO\\source\\NiFpga.c" 
arm-nilrt-linux-gnueabi-gcc -DMyRio_1900 "-IC:\\Users\\vagrant\\D1-workspace\\C Support for myRIO\\source" -O0 -g3 -Wall -c -fmessage-length=0 -o "C_Support\\MyRio.o" "..\\..\\C Support for myRIO\\source\\MyRio.c" 
arm-nilrt-linux-gnueabi-gcc -DMyRio_1900 "-IC:\\Users\\vagrant\\D1-workspace\\C Support for myRIO\\source" -O0 -g3 -Wall -c -fmessage-length=0 -o "C_Support\\IRQConfigure.o" "..\\..\\C Support for myRIO\\source\\IRQConfigure.c" 
arm-nilrt-linux-gnueabi-gcc "-LC:\\Users\\vagrant\\D1-workspace\\C Support for myRIO\\source" -lm -o lab2 main.o "C_Support\\NiFpga.o" "C_Support\\MyRio.o" "C_Support\\IRQConfigure.o" "..\\..\\D1_lib\\Debug\\libD1_lib_source.a" -ldl -lvisa -lpthread 
23:01:21 **** Rebuild of configuration Debug for project lab3 ****
Info: Internal Builder is used for build
arm-nilrt-linux-gnueabi-gcc -DMyRio_1900 "-IC:\\Users\\vagrant\\D1-workspace\\C Support for myRIO\\source" -O0 -g3 -Wall -c -fmessage-length=0 -o "C_Support\\NiFpga.o" "..\\..\\C Support for myRIO\\source\\NiFpga.c" 
arm-nilrt-linux-gnueabi-gcc -DMyRio_1900 "-IC:\\Users\\vagrant\\D1-workspace\\C Support for myRIO\\source" -O0 -g3 -Wall -c -fmessage-length=0 -o "C_Support\\MyRio.o" "..\\..\\C Support for myRIO\\source\\MyRio.c" 
arm-nilrt-linux-gnueabi-gcc -DMyRio_1900 "-IC:\\Users\\vagrant\\D1-workspace\\C Support for myRIO\\source" -O0 -g3 -Wall -c -fmessage-length=0 -o "C_Support\\IRQConfigure.o" "..\\..\\C Support for myRIO\\source\\IRQConfigure.c" 
arm-nilrt-linux-gnueabi-gcc -DMyRio_1900 "-IC:\\Users\\vagrant\\D1-workspace\\C Support for myRIO\\source" -O0 -g3 -Wall -c -fmessage-length=0 -o main.o "..\\main.c" 
arm-nilrt-linux-gnueabi-gcc "-LC:\\Users\\vagrant\\D1-workspace\\C Support for myRIO\\source" -lm -o lab3 main.o "C_Support\\NiFpga.o" "C_Support\\MyRio.o" "C_Support\\IRQConfigure.o" "..\\..\\D1_lib\\Debug\\libD1_lib_source.a" -ldl -lvisa -lpthread 
23:01:23 **** Rebuild of configuration Debug for project lab4 ****
Info: Internal Builder is used for build
arm-nilrt-linux-gnueabi-gcc -DMyRio_1900 "-IC:\\Users\\vagrant\\D1-workspace\\C Support for myRIO\\source" -O0 -g3 -Wall -c -fmessage-length=0 -o main.o "..\\main.c" 
arm-nilrt-linux-gnueabi-gcc -DMyRio_1900 "-IC:\\Users\\vagrant\\D1-workspace\\C Support for myRIO\\source" -O0 -g3 -Wall -c -fmessage-length=0 -o "C_Support\\MyRio.o" "..\\..\\C Support for myRIO\\source\\MyRio.c" 
arm-nilrt-linux-gnueabi-gcc -DMyRio_1900 "-IC:\\Users\\vagrant\\D1-workspace\\C Support for myRIO\\source" -O0 -g3 -Wall -c -fmessage-length=0 -o "C_Support\\NiFpga.o" "..\\..\\C Support for myRIO\\source\\NiFpga.c" 
arm-nilrt-linux-gnueabi-gcc -DMyRio_1900 "-IC:\\Users\\vagrant\\D1-workspace\\C Support for myRIO\\source" -O0 -g3 -Wall -c -fmessage-length=0 -o "C_Support\\IRQConfigure.o" "..\\..\\C Support for myRIO\\source\\IRQConfigure.c" 
arm-nilrt-linux-gnueabi-gcc "-LC:\\Users\\vagrant\\D1-workspace\\C Support for myRIO\\source" -lm -o lab4 main.o "C_Support\\NiFpga.o" "C_Support\\MyRio.o" "C_Support\\IRQConfigure.o" "..\\..\\D1_lib\\Debug\\libD1_lib_source.a" -ldl -lvisa -lpthread 
23:01:24 **** Rebuild of configuration Debug for project lab5 ****
Info: Internal Builder is used for build
arm-nilrt-linux-gnueabi-gcc -DMyRio_1900 "-IC:\\Users\\vagrant\\D1-workspace\\C Support for myRIO\\source" -O0 -g3 -Wall -c -fmessage-length=0 -o "C_Support\\MyRio.o" "..\\..\\C Support for myRIO\\source\\MyRio.c" 
arm-nilrt-linux-gnueabi-gcc -DMyRio_1900 "-IC:\\Users\\vagrant\\D1-workspace\\C Support for myRIO\\source" -O0 -g3 -Wall -c -fmessage-length=0 -o main.o "..\\main.c" 
arm-nilrt-linux-gnueabi-gcc -DMyRio_1900 "-IC:\\Users\\vagrant\\D1-workspace\\C Support for myRIO\\source" -O0 -g3 -Wall -c -fmessage-length=0 -o "C_Support\\NiFpga.o" "..\\..\\C Support for myRIO\\source\\NiFpga.c" 
arm-nilrt-linux-gnueabi-gcc -DMyRio_1900 "-IC:\\Users\\vagrant\\D1-workspace\\C Support for myRIO\\source" -O0 -g3 -Wall -c -fmessage-length=0 -o "C_Support\\IRQConfigure.o" "..\\..\\C Support for myRIO\\source\\IRQConfigure.c" 
arm-nilrt-linux-gnueabi-gcc "-LC:\\Users\\vagrant\\D1-workspace\\C Support for myRIO\\source" -lm -o lab5 main.o "C_Support\\NiFpga.o" "C_Support\\MyRio.o" "C_Support\\IRQConfigure.o" "..\\..\\D1_lib\\Debug\\libD1_lib_source.a" -ldl -lvisa -lpthread 
23:01:25 **** Rebuild of configuration Debug for project lab6 ****
Info: Internal Builder is used for build
arm-nilrt-linux-gnueabi-gcc -DMyRio_1900 "-IC:\\Users\\vagrant\\D1-workspace\\C Support for myRIO\\source" -O0 -g3 -Wall -c -fmessage-length=0 -o main.o "..\\main.c" 
arm-nilrt-linux-gnueabi-gcc -DMyRio_1900 "-IC:\\Users\\vagrant\\D1-workspace\\C Support for myRIO\\source" -O0 -g3 -Wall -c -fmessage-length=0 -o "C_Support\\MyRio.o" "..\\..\\C Support for myRIO\\source\\MyRio.c" 
arm-nilrt-linux-gnueabi-gcc -DMyRio_1900 "-IC:\\Users\\vagrant\\D1-workspace\\C Support for myRIO\\source" -O0 -g3 -Wall -c -fmessage-length=0 -o "C_Support\\IRQConfigure.o" "..\\..\\C Support for myRIO\\source\\IRQConfigure.c" 
arm-nilrt-linux-gnueabi-gcc -DMyRio_1900 "-IC:\\Users\\vagrant\\D1-workspace\\C Support for myRIO\\source" -O0 -g3 -Wall -c -fmessage-length=0 -o "C_Support\\NiFpga.o" "..\\..\\C Support for myRIO\\source\\NiFpga.c" 
arm-nilrt-linux-gnueabi-gcc "-LC:\\Users\\vagrant\\D1-workspace\\C Support for myRIO\\source" -lm -o lab6 main.o "C_Support\\NiFpga.o" "C_Support\\MyRio.o" "C_Support\\IRQConfigure.o" "..\\..\\D1_lib\\Debug\\libD1_lib_source.a" -ldl -lvisa -lpthread 
23:01:27 **** Rebuild of configuration Debug for project lab7 ****
Info: Internal Builder is used for build
arm-nilrt-linux-gnueabi-gcc -DMyRio_1900 "-IC:\\Users\\vagrant\\D1-workspace\\C Support for myRIO\\source" -O0 -g3 -Wall -c -fmessage-length=0 -o main.o "..\\main.c" 
arm-nilrt-linux-gnueabi-gcc -DMyRio_1900 "-IC:\\Users\\vagrant\\D1-workspace\\C Support for myRIO\\source" -O0 -g3 -Wall -c -fmessage-length=0 -o "C_Support\\NiFpga.o" "..\\..\\C Support for myRIO\\source\\NiFpga.c" 
arm-nilrt-linux-gnueabi-gcc -DMyRio_1900 "-IC:\\Users\\vagrant\\D1-workspace\\C Support for myRIO\\source" -O0 -g3 -Wall -c -fmessage-length=0 -o "C_Support\\MyRio.o" "..\\..\\C Support for myRIO\\source\\MyRio.c" 
arm-nilrt-linux-gnueabi-gcc -DMyRio_1900 "-IC:\\Users\\vagrant\\D1-workspace\\C Support for myRIO\\source" -O0 -g3 -Wall -c -fmessage-length=0 -o "C_Support\\IRQConfigure.o" "..\\..\\C Support for myRIO\\source\\IRQConfigure.c" 
arm-nilrt-linux-gnueabi-gcc "-LC:\\Users\\vagrant\\D1-workspace\\C Support for myRIO\\source" -lm -o lab7 main.o "C_Support\\NiFpga.o" "C_Support\\MyRio.o" "C_Support\\IRQConfigure.o" "..\\..\\D1_lib\\Debug\\libD1_lib_source.a" -ldl -lvisa -lpthread 
23:01:28 **** Rebuild of configuration Debug for project lab8 ****
Info: Internal Builder is used for build
arm-nilrt-linux-gnueabi-gcc -DMyRio_1900 "-IC:\\Users\\vagrant\\D1-workspace\\C Support for myRIO\\source" -O0 -g3 -Wall -c -fmessage-length=0 -o "C_Support\\NiFpga.o" "..\\..\\C Support for myRIO\\source\\NiFpga.c" 
arm-nilrt-linux-gnueabi-gcc -DMyRio_1900 "-IC:\\Users\\vagrant\\D1-workspace\\C Support for myRIO\\source" -O0 -g3 -Wall -c -fmessage-length=0 -o "C_Support\\MyRio.o" "..\\..\\C Support for myRIO\\source\\MyRio.c" 
arm-nilrt-linux-gnueabi-gcc -DMyRio_1900 "-IC:\\Users\\vagrant\\D1-workspace\\C Support for myRIO\\source" -O0 -g3 -Wall -c -fmessage-length=0 -o "C_Support\\IRQConfigure.o" "..\\..\\C Support for myRIO\\source\\IRQConfigure.c" 
arm-nilrt-linux-gnueabi-gcc -DMyRio_1900 "-IC:\\Users\\vagrant\\D1-workspace\\C Support for myRIO\\source" -O0 -g3 -Wall -c -fmessage-length=0 -o main.o "..\\main.c" 
arm-nilrt-linux-gnueabi-gcc -DMyRio_1900 "-IC:\\Users\\vagrant\\D1-workspace\\C Support for myRIO\\source" -O0 -g3 -Wall -c -fmessage-length=0 -o Sramps.o "..\\Sramps.c" 
arm-nilrt-linux-gnueabi-gcc "-LC:\\Users\\vagrant\\D1-workspace\\C Support for myRIO\\source" -lm -o lab8 main.o Sramps.o "C_Support\\NiFpga.o" "C_Support\\MyRio.o" "C_Support\\IRQConfigure.o" "..\\..\\D1_lib\\Debug\\libD1_lib_source.a" -ldl -lvisa -lpthread 
